#
# There is insufficient memory for the Java Runtime Environment to continue.
# Native memory allocation (malloc) failed to allocate 2080512 bytes for Chunk::new
# Possible reasons:
#   The system is out of physical RAM or swap space
#   The process is running with CompressedOops enabled, and the Java Heap may be blocking the growth of the native heap
# Possible solutions:
#   Reduce memory load on the system
#   Increase physical memory or swap space
#   Check if swap backing store is full
#   Decrease Java heap size (-Xmx/-Xms)
#   Decrease number of Java threads
#   Decrease Java thread stack sizes (-Xss)
#   Set larger code cache with -XX:ReservedCodeCacheSize=
#   JVM is running with Unscaled Compressed Oops mode in which the Java heap is
#     placed in the first 4GB address space. The Java Heap base address is the
#     maximum limit for the native heap growth. Please use -XX:HeapBaseMinAddress
#     to set the Java Heap base and to place the Java Heap above 4GB virtual address.
# This output file may be truncated or incomplete.
#
#  Out of Memory Error (arena.cpp:184), pid=17524, tid=10060
#
# JRE version: OpenJDK Runtime Environment (18.0.2+9) (build 18.0.2+9-61)
# Java VM: OpenJDK 64-Bit Server VM (18.0.2+9-61, mixed mode, sharing, tiered, compressed oops, compressed class ptrs, g1 gc, windows-amd64)
# No core dump will be written. Minidumps are not enabled by default on client versions of Windows
#

---------------  S U M M A R Y ------------

Command Line: --add-opens=java.base/java.util=ALL-UNNAMED --add-opens=java.base/java.lang=ALL-UNNAMED --add-opens=java.base/java.lang.invoke=ALL-UNNAMED --add-opens=java.base/java.util=ALL-UNNAMED --add-opens=java.prefs/java.util.prefs=ALL-UNNAMED --add-opens=java.prefs/java.util.prefs=ALL-UNNAMED --add-opens=java.base/java.nio.charset=ALL-UNNAMED --add-opens=java.base/java.net=ALL-UNNAMED --add-opens=java.base/java.util.concurrent.atomic=ALL-UNNAMED -Xmx2048m -Dfile.encoding=UTF-8 -Duser.country=RU -Duser.language=ru -Duser.variant org.gradle.launcher.daemon.bootstrap.GradleDaemon 7.5

Host: AMD Ryzen 5 4600H with Radeon Graphics         , 12 cores, 15G,  Windows 10 , 64 bit Build 19041 (10.0.19041.1348)
Time: Sun May  7 15:46:08 2023  Windows 10 , 64 bit Build 19041 (10.0.19041.1348) elapsed time: 25.058176 seconds (0d 0h 0m 25s)

---------------  T H R E A D  ---------------

Current thread (0x000002e36dba1090):  JavaThread "C2 CompilerThread0" daemon [_thread_in_native, id=10060, stack(0x000000ecabd00000,0x000000ecabe00000)]


Current CompileTask:
C2:  25058 2381   !   4       java.lang.ClassLoader::loadClass (121 bytes)

Stack: [0x000000ecabd00000,0x000000ecabe00000]
Native frames: (J=compiled Java code, j=interpreted, Vv=VM code, C=native code)
V  [jvm.dll+0x6993ca]
V  [jvm.dll+0x7f481d]
V  [jvm.dll+0x7f612e]
V  [jvm.dll+0x7f67e3]
V  [jvm.dll+0x25cdaf]
V  [jvm.dll+0xb8c2f]
V  [jvm.dll+0xb8fa5]
V  [jvm.dll+0x3860cb]
V  [jvm.dll+0x1d2ba8]
V  [jvm.dll+0x2300a9]
V  [jvm.dll+0x22f321]
V  [jvm.dll+0x1ba01c]
V  [jvm.dll+0x23ec9a]
V  [jvm.dll+0x23cf85]
V  [jvm.dll+0x7a6e21]
V  [jvm.dll+0x7a125a]
V  [jvm.dll+0x698275]
C  [ucrtbase.dll+0x21bb2]
C  [KERNEL32.DLL+0x17034]
C  [ntdll.dll+0x52651]


---------------  P R O C E S S  ---------------

Threads class SMR info:
_java_thread_list=0x000002e3741e0170, length=28, elements={
0x000002e34d5417d0, 0x000002e36db84dd0, 0x000002e36db85a80, 0x000002e36db95900,
0x000002e36db97320, 0x000002e36db97bd0, 0x000002e36db98480, 0x000002e36dba1090,
0x000002e36dba2e10, 0x000002e36dba8190, 0x000002e3720d8160, 0x000002e3720d8c50,
0x000002e373e9d7f0, 0x000002e372dc89e0, 0x000002e373b8f480, 0x000002e3733f4840,
0x000002e373aeb420, 0x000002e372af6ae0, 0x000002e372af93f0, 0x000002e37376dc40,
0x000002e37376fdf0, 0x000002e37376e5e0, 0x000002e37376eab0, 0x000002e37376ef80,
0x000002e37376f920, 0x000002e37376e110, 0x000002e36dba19d0, 0x000002e36dba3d40
}

Java Threads: ( => current thread )
  0x000002e34d5417d0 JavaThread "main" [_thread_blocked, id=3300, stack(0x000000ecab000000,0x000000ecab100000)]
  0x000002e36db84dd0 JavaThread "Reference Handler" daemon [_thread_blocked, id=13280, stack(0x000000ecab700000,0x000000ecab800000)]
  0x000002e36db85a80 JavaThread "Finalizer" daemon [_thread_blocked, id=13056, stack(0x000000ecab800000,0x000000ecab900000)]
  0x000002e36db95900 JavaThread "Signal Dispatcher" daemon [_thread_blocked, id=12764, stack(0x000000ecab900000,0x000000ecaba00000)]
  0x000002e36db97320 JavaThread "Attach Listener" daemon [_thread_blocked, id=18384, stack(0x000000ecaba00000,0x000000ecabb00000)]
  0x000002e36db97bd0 JavaThread "Service Thread" daemon [_thread_blocked, id=8320, stack(0x000000ecabb00000,0x000000ecabc00000)]
  0x000002e36db98480 JavaThread "Monitor Deflation Thread" daemon [_thread_blocked, id=14284, stack(0x000000ecabc00000,0x000000ecabd00000)]
=>0x000002e36dba1090 JavaThread "C2 CompilerThread0" daemon [_thread_in_native, id=10060, stack(0x000000ecabd00000,0x000000ecabe00000)]
  0x000002e36dba2e10 JavaThread "C1 CompilerThread0" daemon [_thread_blocked, id=9984, stack(0x000000ecabe00000,0x000000ecabf00000)]
  0x000002e36dba8190 JavaThread "Sweeper thread" daemon [_thread_blocked, id=17424, stack(0x000000ecabf00000,0x000000ecac000000)]
  0x000002e3720d8160 JavaThread "Common-Cleaner" daemon [_thread_blocked, id=15356, stack(0x000000ecac000000,0x000000ecac100000)]
  0x000002e3720d8c50 JavaThread "Notification Thread" daemon [_thread_blocked, id=15472, stack(0x000000ecac100000,0x000000ecac200000)]
  0x000002e373e9d7f0 JavaThread "Daemon health stats" [_thread_blocked, id=8680, stack(0x000000ecac900000,0x000000ecaca00000)]
  0x000002e372dc89e0 JavaThread "Incoming local TCP Connector on port 59486" [_thread_in_native, id=1104, stack(0x000000ecac300000,0x000000ecac400000)]
  0x000002e373b8f480 JavaThread "Daemon periodic checks" [_thread_blocked, id=7540, stack(0x000000ecac800000,0x000000ecac900000)]
  0x000002e3733f4840 JavaThread "Daemon" [_thread_blocked, id=10828, stack(0x000000ecaca00000,0x000000ecacb00000)]
  0x000002e373aeb420 JavaThread "Handler for socket connection from /127.0.0.1:59486 to /127.0.0.1:59488" [_thread_in_native, id=796, stack(0x000000ecacb00000,0x000000ecacc00000)]
  0x000002e372af6ae0 JavaThread "Cancel handler" [_thread_blocked, id=2200, stack(0x000000ecacc00000,0x000000ecacd00000)]
  0x000002e372af93f0 JavaThread "Daemon worker" [_thread_in_Java, id=8756, stack(0x000000ecacd00000,0x000000ecace00000)]
  0x000002e37376dc40 JavaThread "Asynchronous log dispatcher for DefaultDaemonConnection: socket connection from /127.0.0.1:59486 to /127.0.0.1:59488" [_thread_blocked, id=5260, stack(0x000000ecace00000,0x000000ecacf00000)]
  0x000002e37376fdf0 JavaThread "Stdin handler" [_thread_blocked, id=7260, stack(0x000000ecacf00000,0x000000ecad000000)]
  0x000002e37376e5e0 JavaThread "Daemon client event forwarder" [_thread_blocked, id=12592, stack(0x000000ecad000000,0x000000ecad100000)]
  0x000002e37376eab0 JavaThread "Cache worker for journal cache (C:\Users\HP\.gradle\caches\journal-1)" [_thread_blocked, id=15208, stack(0x000000ecad100000,0x000000ecad200000)]
  0x000002e37376ef80 JavaThread "File lock request listener" [_thread_in_native, id=17596, stack(0x000000ecad200000,0x000000ecad300000)]
  0x000002e37376f920 JavaThread "File lock release action executor" [_thread_blocked, id=17784, stack(0x000000ecad300000,0x000000ecad400000)]
  0x000002e37376e110 JavaThread "Cache worker for file hash cache (C:\Users\HP\.gradle\caches\7.5\fileHashes)" [_thread_blocked, id=8388, stack(0x000000ecad400000,0x000000ecad500000)]
  0x000002e36dba19d0 JavaThread "C2 CompilerThread1" daemon [_thread_in_native, id=11528, stack(0x000000ecad500000,0x000000ecad600000)]
  0x000002e36dba3d40 JavaThread "C2 CompilerThread2" daemon [_thread_in_native, id=16636, stack(0x000000ecad600000,0x000000ecad700000)]

Other Threads:
  0x000002e34d5c1cc0 VMThread "VM Thread" [stack: 0x000000ecab600000,0x000000ecab700000] [id=3924]
  0x000002e3720dd130 WatcherThread "VM Periodic Task Thread" [stack: 0x000000ecac200000,0x000000ecac300000] [id=8532]
  0x000002e34d5a4010 WorkerThread "GC Thread#0" [stack: 0x000000ecab100000,0x000000ecab200000] [id=8352]
  0x000002e372cb46c0 WorkerThread "GC Thread#1" [stack: 0x000000ecac400000,0x000000ecac500000] [id=1612]
  0x000002e37245d060 WorkerThread "GC Thread#2" [stack: 0x000000ecac500000,0x000000ecac600000] [id=15476]
  0x000002e37245d300 WorkerThread "GC Thread#3" [stack: 0x000000ecac600000,0x000000ecac700000] [id=15332]
  0x000002e372ab0730 WorkerThread "GC Thread#4" [stack: 0x000000ecac700000,0x000000ecac800000] [id=16572]
  0x000002e34d5b4e50 ConcurrentGCThread "G1 Main Marker" [stack: 0x000000ecab200000,0x000000ecab300000] [id=8080]
  0x000002e34d5b5750 WorkerThread "G1 Conc#0" [stack: 0x000000ecab300000,0x000000ecab400000] [id=12804]
  0x000002e34d60e790 ConcurrentGCThread "G1 Refine#0" [stack: 0x000000ecab400000,0x000000ecab500000] [id=13864]
  0x000002e36da3c1a0 ConcurrentGCThread "G1 Service" [stack: 0x000000ecab500000,0x000000ecab600000] [id=12688]

Threads with active compile tasks:
C2 CompilerThread0    25072 2381   !   4       java.lang.ClassLoader::loadClass (121 bytes)
C2 CompilerThread1    25073 2399       4       java.net.URLClassLoader$1::run (5 bytes)
C2 CompilerThread2    25073 2571   !   4       java.net.URLClassLoader::findClass (47 bytes)

VM state: not at safepoint (normal execution)

VM Mutex/Monitor currently owned by a thread: None

Heap address: 0x0000000080000000, size: 2048 MB, Compressed Oops mode: 32-bit

CDS archive(s) mapped at: [0x0000000800000000-0x0000000800ba0000-0x0000000800ba0000), size 12189696, SharedBaseAddress: 0x0000000800000000, ArchiveRelocationMode: 0.
Compressed class space mapped at: 0x0000000800c00000-0x0000000840c00000, reserved size: 1073741824
Narrow klass base: 0x0000000800000000, Narrow klass shift: 0, Narrow klass range: 0x100000000

GC Precious Log:
 CardTable entry size: 512
 Card Set container configuration: InlinePtr #cards 5 size 8 Array Of Cards #cards 12 size 40 Howl #buckets 4 coarsen threshold 1843 Howl Bitmap #cards 512 size 80 coarsen threshold 460 Card regions per heap region 1 cards per card region 2048
 CPUs: 12 total, 12 available
 Memory: 15733M
 Large Page Support: Disabled
 NUMA Support: Disabled
 Compressed Oops: Enabled (32-bit)
 Heap Region Size: 1M
 Heap Min Capacity: 8M
 Heap Initial Capacity: 246M
 Heap Max Capacity: 2G
 Pre-touch: Disabled
 Parallel Workers: 10
 Concurrent Workers: 3
 Concurrent Refinement Workers: 10
 Periodic GC: Disabled

Heap:
 garbage-first heap   total 251904K, used 88910K [0x0000000080000000, 0x0000000100000000)
  region size 1024K, 79 young (80896K), 4 survivors (4096K)
 Metaspace       used 18449K, committed 19072K, reserved 1114112K
  class space    used 2714K, committed 3008K, reserved 1048576K

Heap Regions: E=young(eden), S=young(survivor), O=old, HS=humongous(starts), HC=humongous(continues), CS=collection set, F=free, OA=open archive, CA=closed archive, TAMS=top-at-mark-start (previous, next)
|   0|0x0000000080000000, 0x0000000080000000, 0x0000000080100000|  0%| F|  |TAMS 0x0000000080000000, 0x0000000080000000| Untracked 
|   1|0x0000000080100000, 0x0000000080200000, 0x0000000080200000|100%| O|  |TAMS 0x0000000080100000, 0x0000000080100000| Untracked 
|   2|0x0000000080200000, 0x0000000080300000, 0x0000000080300000|100%| O|  |TAMS 0x0000000080200000, 0x0000000080200000| Untracked 
|   3|0x0000000080300000, 0x0000000080400000, 0x0000000080400000|100%|HS|  |TAMS 0x0000000080300000, 0x0000000080300000| Complete 
|   4|0x0000000080400000, 0x0000000080500000, 0x0000000080500000|100%|HC|  |TAMS 0x0000000080400000, 0x0000000080400000| Complete 
|   5|0x0000000080500000, 0x0000000080600000, 0x0000000080600000|100%|HC|  |TAMS 0x0000000080500000, 0x0000000080500000| Complete 
|   6|0x0000000080600000, 0x0000000080700000, 0x0000000080700000|100%| O|  |TAMS 0x0000000080600000, 0x0000000080600000| Untracked 
|   7|0x0000000080700000, 0x0000000080800000, 0x0000000080800000|100%| O|  |TAMS 0x0000000080700000, 0x0000000080700000| Untracked 
|   8|0x0000000080800000, 0x0000000080900000, 0x0000000080900000|100%| O|  |TAMS 0x0000000080800000, 0x0000000080800000| Untracked 
|   9|0x0000000080900000, 0x00000000809d3a00, 0x0000000080a00000| 82%| O|  |TAMS 0x0000000080900000, 0x0000000080900000| Untracked 
|  10|0x0000000080a00000, 0x0000000080a00000, 0x0000000080b00000|  0%| F|  |TAMS 0x0000000080a00000, 0x0000000080a00000| Untracked 
|  11|0x0000000080b00000, 0x0000000080b00000, 0x0000000080c00000|  0%| F|  |TAMS 0x0000000080b00000, 0x0000000080b00000| Untracked 
|  12|0x0000000080c00000, 0x0000000080c00000, 0x0000000080d00000|  0%| F|  |TAMS 0x0000000080c00000, 0x0000000080c00000| Untracked 
|  13|0x0000000080d00000, 0x0000000080d00000, 0x0000000080e00000|  0%| F|  |TAMS 0x0000000080d00000, 0x0000000080d00000| Untracked 
|  14|0x0000000080e00000, 0x0000000080e00000, 0x0000000080f00000|  0%| F|  |TAMS 0x0000000080e00000, 0x0000000080e00000| Untracked 
|  15|0x0000000080f00000, 0x0000000080f00000, 0x0000000081000000|  0%| F|  |TAMS 0x0000000080f00000, 0x0000000080f00000| Untracked 
|  16|0x0000000081000000, 0x0000000081000000, 0x0000000081100000|  0%| F|  |TAMS 0x0000000081000000, 0x0000000081000000| Untracked 
|  17|0x0000000081100000, 0x0000000081100000, 0x0000000081200000|  0%| F|  |TAMS 0x0000000081100000, 0x0000000081100000| Untracked 
|  18|0x0000000081200000, 0x0000000081200000, 0x0000000081300000|  0%| F|  |TAMS 0x0000000081200000, 0x0000000081200000| Untracked 
|  19|0x0000000081300000, 0x0000000081300000, 0x0000000081400000|  0%| F|  |TAMS 0x0000000081300000, 0x0000000081300000| Untracked 
|  20|0x0000000081400000, 0x0000000081400000, 0x0000000081500000|  0%| F|  |TAMS 0x0000000081400000, 0x0000000081400000| Untracked 
|  21|0x0000000081500000, 0x0000000081500000, 0x0000000081600000|  0%| F|  |TAMS 0x0000000081500000, 0x0000000081500000| Untracked 
|  22|0x0000000081600000, 0x0000000081600000, 0x0000000081700000|  0%| F|  |TAMS 0x0000000081600000, 0x0000000081600000| Untracked 
|  23|0x0000000081700000, 0x0000000081700000, 0x0000000081800000|  0%| F|  |TAMS 0x0000000081700000, 0x0000000081700000| Untracked 
|  24|0x0000000081800000, 0x0000000081800000, 0x0000000081900000|  0%| F|  |TAMS 0x0000000081800000, 0x0000000081800000| Untracked 
|  25|0x0000000081900000, 0x0000000081900000, 0x0000000081a00000|  0%| F|  |TAMS 0x0000000081900000, 0x0000000081900000| Untracked 
|  26|0x0000000081a00000, 0x0000000081a00000, 0x0000000081b00000|  0%| F|  |TAMS 0x0000000081a00000, 0x0000000081a00000| Untracked 
|  27|0x0000000081b00000, 0x0000000081b00000, 0x0000000081c00000|  0%| F|  |TAMS 0x0000000081b00000, 0x0000000081b00000| Untracked 
|  28|0x0000000081c00000, 0x0000000081c00000, 0x0000000081d00000|  0%| F|  |TAMS 0x0000000081c00000, 0x0000000081c00000| Untracked 
|  29|0x0000000081d00000, 0x0000000081d00000, 0x0000000081e00000|  0%| F|  |TAMS 0x0000000081d00000, 0x0000000081d00000| Untracked 
|  30|0x0000000081e00000, 0x0000000081e00000, 0x0000000081f00000|  0%| F|  |TAMS 0x0000000081e00000, 0x0000000081e00000| Untracked 
|  31|0x0000000081f00000, 0x0000000081f00000, 0x0000000082000000|  0%| F|  |TAMS 0x0000000081f00000, 0x0000000081f00000| Untracked 
|  32|0x0000000082000000, 0x0000000082000000, 0x0000000082100000|  0%| F|  |TAMS 0x0000000082000000, 0x0000000082000000| Untracked 
|  33|0x0000000082100000, 0x0000000082100000, 0x0000000082200000|  0%| F|  |TAMS 0x0000000082100000, 0x0000000082100000| Untracked 
|  34|0x0000000082200000, 0x0000000082200000, 0x0000000082300000|  0%| F|  |TAMS 0x0000000082200000, 0x0000000082200000| Untracked 
|  35|0x0000000082300000, 0x0000000082300000, 0x0000000082400000|  0%| F|  |TAMS 0x0000000082300000, 0x0000000082300000| Untracked 
|  36|0x0000000082400000, 0x0000000082400000, 0x0000000082500000|  0%| F|  |TAMS 0x0000000082400000, 0x0000000082400000| Untracked 
|  37|0x0000000082500000, 0x0000000082500000, 0x0000000082600000|  0%| F|  |TAMS 0x0000000082500000, 0x0000000082500000| Untracked 
|  38|0x0000000082600000, 0x0000000082600000, 0x0000000082700000|  0%| F|  |TAMS 0x0000000082600000, 0x0000000082600000| Untracked 
|  39|0x0000000082700000, 0x0000000082700000, 0x0000000082800000|  0%| F|  |TAMS 0x0000000082700000, 0x0000000082700000| Untracked 
|  40|0x0000000082800000, 0x0000000082800000, 0x0000000082900000|  0%| F|  |TAMS 0x0000000082800000, 0x0000000082800000| Untracked 
|  41|0x0000000082900000, 0x0000000082900000, 0x0000000082a00000|  0%| F|  |TAMS 0x0000000082900000, 0x0000000082900000| Untracked 
|  42|0x0000000082a00000, 0x0000000082a00000, 0x0000000082b00000|  0%| F|  |TAMS 0x0000000082a00000, 0x0000000082a00000| Untracked 
|  43|0x0000000082b00000, 0x0000000082b00000, 0x0000000082c00000|  0%| F|  |TAMS 0x0000000082b00000, 0x0000000082b00000| Untracked 
|  44|0x0000000082c00000, 0x0000000082c00000, 0x0000000082d00000|  0%| F|  |TAMS 0x0000000082c00000, 0x0000000082c00000| Untracked 
|  45|0x0000000082d00000, 0x0000000082d00000, 0x0000000082e00000|  0%| F|  |TAMS 0x0000000082d00000, 0x0000000082d00000| Untracked 
|  46|0x0000000082e00000, 0x0000000082e00000, 0x0000000082f00000|  0%| F|  |TAMS 0x0000000082e00000, 0x0000000082e00000| Untracked 
|  47|0x0000000082f00000, 0x0000000082f00000, 0x0000000083000000|  0%| F|  |TAMS 0x0000000082f00000, 0x0000000082f00000| Untracked 
|  48|0x0000000083000000, 0x0000000083000000, 0x0000000083100000|  0%| F|  |TAMS 0x0000000083000000, 0x0000000083000000| Untracked 
|  49|0x0000000083100000, 0x0000000083100000, 0x0000000083200000|  0%| F|  |TAMS 0x0000000083100000, 0x0000000083100000| Untracked 
|  50|0x0000000083200000, 0x0000000083200000, 0x0000000083300000|  0%| F|  |TAMS 0x0000000083200000, 0x0000000083200000| Untracked 
|  51|0x0000000083300000, 0x0000000083300000, 0x0000000083400000|  0%| F|  |TAMS 0x0000000083300000, 0x0000000083300000| Untracked 
|  52|0x0000000083400000, 0x0000000083400000, 0x0000000083500000|  0%| F|  |TAMS 0x0000000083400000, 0x0000000083400000| Untracked 
|  53|0x0000000083500000, 0x0000000083500000, 0x0000000083600000|  0%| F|  |TAMS 0x0000000083500000, 0x0000000083500000| Untracked 
|  54|0x0000000083600000, 0x0000000083600000, 0x0000000083700000|  0%| F|  |TAMS 0x0000000083600000, 0x0000000083600000| Untracked 
|  55|0x0000000083700000, 0x0000000083700000, 0x0000000083800000|  0%| F|  |TAMS 0x0000000083700000, 0x0000000083700000| Untracked 
|  56|0x0000000083800000, 0x0000000083800000, 0x0000000083900000|  0%| F|  |TAMS 0x0000000083800000, 0x0000000083800000| Untracked 
|  57|0x0000000083900000, 0x0000000083900000, 0x0000000083a00000|  0%| F|  |TAMS 0x0000000083900000, 0x0000000083900000| Untracked 
|  58|0x0000000083a00000, 0x0000000083a00000, 0x0000000083b00000|  0%| F|  |TAMS 0x0000000083a00000, 0x0000000083a00000| Untracked 
|  59|0x0000000083b00000, 0x0000000083b00000, 0x0000000083c00000|  0%| F|  |TAMS 0x0000000083b00000, 0x0000000083b00000| Untracked 
|  60|0x0000000083c00000, 0x0000000083c00000, 0x0000000083d00000|  0%| F|  |TAMS 0x0000000083c00000, 0x0000000083c00000| Untracked 
|  61|0x0000000083d00000, 0x0000000083d00000, 0x0000000083e00000|  0%| F|  |TAMS 0x0000000083d00000, 0x0000000083d00000| Untracked 
|  62|0x0000000083e00000, 0x0000000083e00000, 0x0000000083f00000|  0%| F|  |TAMS 0x0000000083e00000, 0x0000000083e00000| Untracked 
|  63|0x0000000083f00000, 0x0000000083f00000, 0x0000000084000000|  0%| F|  |TAMS 0x0000000083f00000, 0x0000000083f00000| Untracked 
|  64|0x0000000084000000, 0x0000000084000000, 0x0000000084100000|  0%| F|  |TAMS 0x0000000084000000, 0x0000000084000000| Untracked 
|  65|0x0000000084100000, 0x0000000084100000, 0x0000000084200000|  0%| F|  |TAMS 0x0000000084100000, 0x0000000084100000| Untracked 
|  66|0x0000000084200000, 0x0000000084200000, 0x0000000084300000|  0%| F|  |TAMS 0x0000000084200000, 0x0000000084200000| Untracked 
|  67|0x0000000084300000, 0x0000000084300000, 0x0000000084400000|  0%| F|  |TAMS 0x0000000084300000, 0x0000000084300000| Untracked 
|  68|0x0000000084400000, 0x0000000084400000, 0x0000000084500000|  0%| F|  |TAMS 0x0000000084400000, 0x0000000084400000| Untracked 
|  69|0x0000000084500000, 0x0000000084500000, 0x0000000084600000|  0%| F|  |TAMS 0x0000000084500000, 0x0000000084500000| Untracked 
|  70|0x0000000084600000, 0x0000000084600000, 0x0000000084700000|  0%| F|  |TAMS 0x0000000084600000, 0x0000000084600000| Untracked 
|  71|0x0000000084700000, 0x0000000084700000, 0x0000000084800000|  0%| F|  |TAMS 0x0000000084700000, 0x0000000084700000| Untracked 
|  72|0x0000000084800000, 0x0000000084800000, 0x0000000084900000|  0%| F|  |TAMS 0x0000000084800000, 0x0000000084800000| Untracked 
|  73|0x0000000084900000, 0x0000000084900000, 0x0000000084a00000|  0%| F|  |TAMS 0x0000000084900000, 0x0000000084900000| Untracked 
|  74|0x0000000084a00000, 0x0000000084a00000, 0x0000000084b00000|  0%| F|  |TAMS 0x0000000084a00000, 0x0000000084a00000| Untracked 
|  75|0x0000000084b00000, 0x0000000084b00000, 0x0000000084c00000|  0%| F|  |TAMS 0x0000000084b00000, 0x0000000084b00000| Untracked 
|  76|0x0000000084c00000, 0x0000000084c00000, 0x0000000084d00000|  0%| F|  |TAMS 0x0000000084c00000, 0x0000000084c00000| Untracked 
|  77|0x0000000084d00000, 0x0000000084d00000, 0x0000000084e00000|  0%| F|  |TAMS 0x0000000084d00000, 0x0000000084d00000| Untracked 
|  78|0x0000000084e00000, 0x0000000084e00000, 0x0000000084f00000|  0%| F|  |TAMS 0x0000000084e00000, 0x0000000084e00000| Untracked 
|  79|0x0000000084f00000, 0x0000000084f00000, 0x0000000085000000|  0%| F|  |TAMS 0x0000000084f00000, 0x0000000084f00000| Untracked 
|  80|0x0000000085000000, 0x0000000085000000, 0x0000000085100000|  0%| F|  |TAMS 0x0000000085000000, 0x0000000085000000| Untracked 
|  81|0x0000000085100000, 0x0000000085100000, 0x0000000085200000|  0%| F|  |TAMS 0x0000000085100000, 0x0000000085100000| Untracked 
|  82|0x0000000085200000, 0x0000000085200000, 0x0000000085300000|  0%| F|  |TAMS 0x0000000085200000, 0x0000000085200000| Untracked 
|  83|0x0000000085300000, 0x0000000085300000, 0x0000000085400000|  0%| F|  |TAMS 0x0000000085300000, 0x0000000085300000| Untracked 
|  84|0x0000000085400000, 0x0000000085400000, 0x0000000085500000|  0%| F|  |TAMS 0x0000000085400000, 0x0000000085400000| Untracked 
|  85|0x0000000085500000, 0x0000000085500000, 0x0000000085600000|  0%| F|  |TAMS 0x0000000085500000, 0x0000000085500000| Untracked 
|  86|0x0000000085600000, 0x0000000085600000, 0x0000000085700000|  0%| F|  |TAMS 0x0000000085600000, 0x0000000085600000| Untracked 
|  87|0x0000000085700000, 0x0000000085700000, 0x0000000085800000|  0%| F|  |TAMS 0x0000000085700000, 0x0000000085700000| Untracked 
|  88|0x0000000085800000, 0x0000000085800000, 0x0000000085900000|  0%| F|  |TAMS 0x0000000085800000, 0x0000000085800000| Untracked 
|  89|0x0000000085900000, 0x0000000085900000, 0x0000000085a00000|  0%| F|  |TAMS 0x0000000085900000, 0x0000000085900000| Untracked 
|  90|0x0000000085a00000, 0x0000000085a00000, 0x0000000085b00000|  0%| F|  |TAMS 0x0000000085a00000, 0x0000000085a00000| Untracked 
|  91|0x0000000085b00000, 0x0000000085b00000, 0x0000000085c00000|  0%| F|  |TAMS 0x0000000085b00000, 0x0000000085b00000| Untracked 
|  92|0x0000000085c00000, 0x0000000085c00000, 0x0000000085d00000|  0%| F|  |TAMS 0x0000000085c00000, 0x0000000085c00000| Untracked 
|  93|0x0000000085d00000, 0x0000000085d00000, 0x0000000085e00000|  0%| F|  |TAMS 0x0000000085d00000, 0x0000000085d00000| Untracked 
|  94|0x0000000085e00000, 0x0000000085e00000, 0x0000000085f00000|  0%| F|  |TAMS 0x0000000085e00000, 0x0000000085e00000| Untracked 
|  95|0x0000000085f00000, 0x0000000085f00000, 0x0000000086000000|  0%| F|  |TAMS 0x0000000085f00000, 0x0000000085f00000| Untracked 
|  96|0x0000000086000000, 0x0000000086000000, 0x0000000086100000|  0%| F|  |TAMS 0x0000000086000000, 0x0000000086000000| Untracked 
|  97|0x0000000086100000, 0x0000000086100000, 0x0000000086200000|  0%| F|  |TAMS 0x0000000086100000, 0x0000000086100000| Untracked 
|  98|0x0000000086200000, 0x0000000086200000, 0x0000000086300000|  0%| F|  |TAMS 0x0000000086200000, 0x0000000086200000| Untracked 
|  99|0x0000000086300000, 0x0000000086300000, 0x0000000086400000|  0%| F|  |TAMS 0x0000000086300000, 0x0000000086300000| Untracked 
| 100|0x0000000086400000, 0x0000000086400000, 0x0000000086500000|  0%| F|  |TAMS 0x0000000086400000, 0x0000000086400000| Untracked 
| 101|0x0000000086500000, 0x0000000086500000, 0x0000000086600000|  0%| F|  |TAMS 0x0000000086500000, 0x0000000086500000| Untracked 
| 102|0x0000000086600000, 0x0000000086600000, 0x0000000086700000|  0%| F|  |TAMS 0x0000000086600000, 0x0000000086600000| Untracked 
| 103|0x0000000086700000, 0x0000000086700000, 0x0000000086800000|  0%| F|  |TAMS 0x0000000086700000, 0x0000000086700000| Untracked 
| 104|0x0000000086800000, 0x0000000086800000, 0x0000000086900000|  0%| F|  |TAMS 0x0000000086800000, 0x0000000086800000| Untracked 
| 105|0x0000000086900000, 0x0000000086900000, 0x0000000086a00000|  0%| F|  |TAMS 0x0000000086900000, 0x0000000086900000| Untracked 
| 106|0x0000000086a00000, 0x0000000086a00000, 0x0000000086b00000|  0%| F|  |TAMS 0x0000000086a00000, 0x0000000086a00000| Untracked 
| 107|0x0000000086b00000, 0x0000000086b00000, 0x0000000086c00000|  0%| F|  |TAMS 0x0000000086b00000, 0x0000000086b00000| Untracked 
| 108|0x0000000086c00000, 0x0000000086c00000, 0x0000000086d00000|  0%| F|  |TAMS 0x0000000086c00000, 0x0000000086c00000| Untracked 
| 109|0x0000000086d00000, 0x0000000086d00000, 0x0000000086e00000|  0%| F|  |TAMS 0x0000000086d00000, 0x0000000086d00000| Untracked 
| 110|0x0000000086e00000, 0x0000000086e00000, 0x0000000086f00000|  0%| F|  |TAMS 0x0000000086e00000, 0x0000000086e00000| Untracked 
| 111|0x0000000086f00000, 0x0000000086f00000, 0x0000000087000000|  0%| F|  |TAMS 0x0000000086f00000, 0x0000000086f00000| Untracked 
| 112|0x0000000087000000, 0x0000000087000000, 0x0000000087100000|  0%| F|  |TAMS 0x0000000087000000, 0x0000000087000000| Untracked 
| 113|0x0000000087100000, 0x0000000087100000, 0x0000000087200000|  0%| F|  |TAMS 0x0000000087100000, 0x0000000087100000| Untracked 
| 114|0x0000000087200000, 0x0000000087200000, 0x0000000087300000|  0%| F|  |TAMS 0x0000000087200000, 0x0000000087200000| Untracked 
| 115|0x0000000087300000, 0x0000000087300000, 0x0000000087400000|  0%| F|  |TAMS 0x0000000087300000, 0x0000000087300000| Untracked 
| 116|0x0000000087400000, 0x0000000087400000, 0x0000000087500000|  0%| F|  |TAMS 0x0000000087400000, 0x0000000087400000| Untracked 
| 117|0x0000000087500000, 0x0000000087500000, 0x0000000087600000|  0%| F|  |TAMS 0x0000000087500000, 0x0000000087500000| Untracked 
| 118|0x0000000087600000, 0x0000000087600000, 0x0000000087700000|  0%| F|  |TAMS 0x0000000087600000, 0x0000000087600000| Untracked 
| 119|0x0000000087700000, 0x0000000087700000, 0x0000000087800000|  0%| F|  |TAMS 0x0000000087700000, 0x0000000087700000| Untracked 
| 120|0x0000000087800000, 0x0000000087800000, 0x0000000087900000|  0%| F|  |TAMS 0x0000000087800000, 0x0000000087800000| Untracked 
| 121|0x0000000087900000, 0x0000000087900000, 0x0000000087a00000|  0%| F|  |TAMS 0x0000000087900000, 0x0000000087900000| Untracked 
| 122|0x0000000087a00000, 0x0000000087a00000, 0x0000000087b00000|  0%| F|  |TAMS 0x0000000087a00000, 0x0000000087a00000| Untracked 
| 123|0x0000000087b00000, 0x0000000087b00000, 0x0000000087c00000|  0%| F|  |TAMS 0x0000000087b00000, 0x0000000087b00000| Untracked 
| 124|0x0000000087c00000, 0x0000000087c00000, 0x0000000087d00000|  0%| F|  |TAMS 0x0000000087c00000, 0x0000000087c00000| Untracked 
| 125|0x0000000087d00000, 0x0000000087d00000, 0x0000000087e00000|  0%| F|  |TAMS 0x0000000087d00000, 0x0000000087d00000| Untracked 
| 126|0x0000000087e00000, 0x0000000087e00000, 0x0000000087f00000|  0%| F|  |TAMS 0x0000000087e00000, 0x0000000087e00000| Untracked 
| 127|0x0000000087f00000, 0x0000000087f00000, 0x0000000088000000|  0%| F|  |TAMS 0x0000000087f00000, 0x0000000087f00000| Untracked 
| 128|0x0000000088000000, 0x0000000088000000, 0x0000000088100000|  0%| F|  |TAMS 0x0000000088000000, 0x0000000088000000| Untracked 
| 129|0x0000000088100000, 0x0000000088100000, 0x0000000088200000|  0%| F|  |TAMS 0x0000000088100000, 0x0000000088100000| Untracked 
| 130|0x0000000088200000, 0x0000000088200000, 0x0000000088300000|  0%| F|  |TAMS 0x0000000088200000, 0x0000000088200000| Untracked 
| 131|0x0000000088300000, 0x0000000088300000, 0x0000000088400000|  0%| F|  |TAMS 0x0000000088300000, 0x0000000088300000| Untracked 
| 132|0x0000000088400000, 0x0000000088400000, 0x0000000088500000|  0%| F|  |TAMS 0x0000000088400000, 0x0000000088400000| Untracked 
| 133|0x0000000088500000, 0x0000000088500000, 0x0000000088600000|  0%| F|  |TAMS 0x0000000088500000, 0x0000000088500000| Untracked 
| 134|0x0000000088600000, 0x0000000088600000, 0x0000000088700000|  0%| F|  |TAMS 0x0000000088600000, 0x0000000088600000| Untracked 
| 135|0x0000000088700000, 0x0000000088700000, 0x0000000088800000|  0%| F|  |TAMS 0x0000000088700000, 0x0000000088700000| Untracked 
| 136|0x0000000088800000, 0x0000000088800000, 0x0000000088900000|  0%| F|  |TAMS 0x0000000088800000, 0x0000000088800000| Untracked 
| 137|0x0000000088900000, 0x0000000088900000, 0x0000000088a00000|  0%| F|  |TAMS 0x0000000088900000, 0x0000000088900000| Untracked 
| 138|0x0000000088a00000, 0x0000000088a00000, 0x0000000088b00000|  0%| F|  |TAMS 0x0000000088a00000, 0x0000000088a00000| Untracked 
| 139|0x0000000088b00000, 0x0000000088b00000, 0x0000000088c00000|  0%| F|  |TAMS 0x0000000088b00000, 0x0000000088b00000| Untracked 
| 140|0x0000000088c00000, 0x0000000088c00000, 0x0000000088d00000|  0%| F|  |TAMS 0x0000000088c00000, 0x0000000088c00000| Untracked 
| 141|0x0000000088d00000, 0x0000000088d00000, 0x0000000088e00000|  0%| F|  |TAMS 0x0000000088d00000, 0x0000000088d00000| Untracked 
| 142|0x0000000088e00000, 0x0000000088e00000, 0x0000000088f00000|  0%| F|  |TAMS 0x0000000088e00000, 0x0000000088e00000| Untracked 
| 143|0x0000000088f00000, 0x0000000088f00000, 0x0000000089000000|  0%| F|  |TAMS 0x0000000088f00000, 0x0000000088f00000| Untracked 
| 144|0x0000000089000000, 0x0000000089000000, 0x0000000089100000|  0%| F|  |TAMS 0x0000000089000000, 0x0000000089000000| Untracked 
| 145|0x0000000089100000, 0x0000000089100000, 0x0000000089200000|  0%| F|  |TAMS 0x0000000089100000, 0x0000000089100000| Untracked 
| 146|0x0000000089200000, 0x0000000089200000, 0x0000000089300000|  0%| F|  |TAMS 0x0000000089200000, 0x0000000089200000| Untracked 
| 147|0x0000000089300000, 0x0000000089300000, 0x0000000089400000|  0%| F|  |TAMS 0x0000000089300000, 0x0000000089300000| Untracked 
| 148|0x0000000089400000, 0x0000000089400000, 0x0000000089500000|  0%| F|  |TAMS 0x0000000089400000, 0x0000000089400000| Untracked 
| 149|0x0000000089500000, 0x0000000089500000, 0x0000000089600000|  0%| F|  |TAMS 0x0000000089500000, 0x0000000089500000| Untracked 
| 150|0x0000000089600000, 0x0000000089600000, 0x0000000089700000|  0%| F|  |TAMS 0x0000000089600000, 0x0000000089600000| Untracked 
| 151|0x0000000089700000, 0x0000000089700000, 0x0000000089800000|  0%| F|  |TAMS 0x0000000089700000, 0x0000000089700000| Untracked 
| 152|0x0000000089800000, 0x0000000089800000, 0x0000000089900000|  0%| F|  |TAMS 0x0000000089800000, 0x0000000089800000| Untracked 
| 153|0x0000000089900000, 0x0000000089900000, 0x0000000089a00000|  0%| F|  |TAMS 0x0000000089900000, 0x0000000089900000| Untracked 
| 154|0x0000000089a00000, 0x0000000089a00000, 0x0000000089b00000|  0%| F|  |TAMS 0x0000000089a00000, 0x0000000089a00000| Untracked 
| 155|0x0000000089b00000, 0x0000000089b00000, 0x0000000089c00000|  0%| F|  |TAMS 0x0000000089b00000, 0x0000000089b00000| Untracked 
| 156|0x0000000089c00000, 0x0000000089c00000, 0x0000000089d00000|  0%| F|  |TAMS 0x0000000089c00000, 0x0000000089c00000| Untracked 
| 157|0x0000000089d00000, 0x0000000089d00000, 0x0000000089e00000|  0%| F|  |TAMS 0x0000000089d00000, 0x0000000089d00000| Untracked 
| 158|0x0000000089e00000, 0x0000000089e00000, 0x0000000089f00000|  0%| F|  |TAMS 0x0000000089e00000, 0x0000000089e00000| Untracked 
| 159|0x0000000089f00000, 0x0000000089f00000, 0x000000008a000000|  0%| F|  |TAMS 0x0000000089f00000, 0x0000000089f00000| Untracked 
| 160|0x000000008a000000, 0x000000008a000000, 0x000000008a100000|  0%| F|  |TAMS 0x000000008a000000, 0x000000008a000000| Untracked 
| 161|0x000000008a100000, 0x000000008a100000, 0x000000008a200000|  0%| F|  |TAMS 0x000000008a100000, 0x000000008a100000| Untracked 
| 162|0x000000008a200000, 0x000000008a200000, 0x000000008a300000|  0%| F|  |TAMS 0x000000008a200000, 0x000000008a200000| Untracked 
| 163|0x000000008a300000, 0x000000008a300000, 0x000000008a400000|  0%| F|  |TAMS 0x000000008a300000, 0x000000008a300000| Untracked 
| 164|0x000000008a400000, 0x000000008a400000, 0x000000008a500000|  0%| F|  |TAMS 0x000000008a400000, 0x000000008a400000| Untracked 
| 165|0x000000008a500000, 0x000000008a500000, 0x000000008a600000|  0%| F|  |TAMS 0x000000008a500000, 0x000000008a500000| Untracked 
| 166|0x000000008a600000, 0x000000008a600000, 0x000000008a700000|  0%| F|  |TAMS 0x000000008a600000, 0x000000008a600000| Untracked 
| 167|0x000000008a700000, 0x000000008a800000, 0x000000008a800000|100%| E|  |TAMS 0x000000008a700000, 0x000000008a700000| Complete 
| 168|0x000000008a800000, 0x000000008a900000, 0x000000008a900000|100%| E|CS|TAMS 0x000000008a800000, 0x000000008a800000| Complete 
| 169|0x000000008a900000, 0x000000008aa00000, 0x000000008aa00000|100%| E|CS|TAMS 0x000000008a900000, 0x000000008a900000| Complete 
| 170|0x000000008aa00000, 0x000000008ab00000, 0x000000008ab00000|100%| E|CS|TAMS 0x000000008aa00000, 0x000000008aa00000| Complete 
| 171|0x000000008ab00000, 0x000000008ac00000, 0x000000008ac00000|100%| E|CS|TAMS 0x000000008ab00000, 0x000000008ab00000| Complete 
| 172|0x000000008ac00000, 0x000000008ad00000, 0x000000008ad00000|100%| E|CS|TAMS 0x000000008ac00000, 0x000000008ac00000| Complete 
| 173|0x000000008ad00000, 0x000000008ae00000, 0x000000008ae00000|100%| E|CS|TAMS 0x000000008ad00000, 0x000000008ad00000| Complete 
| 174|0x000000008ae00000, 0x000000008af00000, 0x000000008af00000|100%| E|CS|TAMS 0x000000008ae00000, 0x000000008ae00000| Complete 
| 175|0x000000008af00000, 0x000000008b000000, 0x000000008b000000|100%| E|CS|TAMS 0x000000008af00000, 0x000000008af00000| Complete 
| 176|0x000000008b000000, 0x000000008b100000, 0x000000008b100000|100%| E|CS|TAMS 0x000000008b000000, 0x000000008b000000| Complete 
| 177|0x000000008b100000, 0x000000008b200000, 0x000000008b200000|100%| E|CS|TAMS 0x000000008b100000, 0x000000008b100000| Complete 
| 178|0x000000008b200000, 0x000000008b300000, 0x000000008b300000|100%| E|CS|TAMS 0x000000008b200000, 0x000000008b200000| Complete 
| 179|0x000000008b300000, 0x000000008b400000, 0x000000008b400000|100%| E|CS|TAMS 0x000000008b300000, 0x000000008b300000| Complete 
| 180|0x000000008b400000, 0x000000008b500000, 0x000000008b500000|100%| E|CS|TAMS 0x000000008b400000, 0x000000008b400000| Complete 
| 181|0x000000008b500000, 0x000000008b600000, 0x000000008b600000|100%| E|CS|TAMS 0x000000008b500000, 0x000000008b500000| Complete 
| 182|0x000000008b600000, 0x000000008b700000, 0x000000008b700000|100%| E|CS|TAMS 0x000000008b600000, 0x000000008b600000| Complete 
| 183|0x000000008b700000, 0x000000008b800000, 0x000000008b800000|100%| E|CS|TAMS 0x000000008b700000, 0x000000008b700000| Complete 
| 184|0x000000008b800000, 0x000000008b900000, 0x000000008b900000|100%| E|CS|TAMS 0x000000008b800000, 0x000000008b800000| Complete 
| 185|0x000000008b900000, 0x000000008ba00000, 0x000000008ba00000|100%| E|CS|TAMS 0x000000008b900000, 0x000000008b900000| Complete 
| 186|0x000000008ba00000, 0x000000008bb00000, 0x000000008bb00000|100%| E|CS|TAMS 0x000000008ba00000, 0x000000008ba00000| Complete 
| 187|0x000000008bb00000, 0x000000008bc00000, 0x000000008bc00000|100%| E|CS|TAMS 0x000000008bb00000, 0x000000008bb00000| Complete 
| 188|0x000000008bc00000, 0x000000008bd00000, 0x000000008bd00000|100%| E|CS|TAMS 0x000000008bc00000, 0x000000008bc00000| Complete 
| 189|0x000000008bd00000, 0x000000008be00000, 0x000000008be00000|100%| E|CS|TAMS 0x000000008bd00000, 0x000000008bd00000| Complete 
| 190|0x000000008be00000, 0x000000008bf00000, 0x000000008bf00000|100%| E|CS|TAMS 0x000000008be00000, 0x000000008be00000| Complete 
| 191|0x000000008bf00000, 0x000000008c000000, 0x000000008c000000|100%| E|CS|TAMS 0x000000008bf00000, 0x000000008bf00000| Complete 
| 192|0x000000008c000000, 0x000000008c100000, 0x000000008c100000|100%| E|CS|TAMS 0x000000008c000000, 0x000000008c000000| Complete 
| 193|0x000000008c100000, 0x000000008c200000, 0x000000008c200000|100%| E|CS|TAMS 0x000000008c100000, 0x000000008c100000| Complete 
| 194|0x000000008c200000, 0x000000008c300000, 0x000000008c300000|100%| E|CS|TAMS 0x000000008c200000, 0x000000008c200000| Complete 
| 195|0x000000008c300000, 0x000000008c400000, 0x000000008c400000|100%| E|CS|TAMS 0x000000008c300000, 0x000000008c300000| Complete 
| 196|0x000000008c400000, 0x000000008c500000, 0x000000008c500000|100%| E|CS|TAMS 0x000000008c400000, 0x000000008c400000| Complete 
| 197|0x000000008c500000, 0x000000008c600000, 0x000000008c600000|100%| E|CS|TAMS 0x000000008c500000, 0x000000008c500000| Complete 
| 198|0x000000008c600000, 0x000000008c700000, 0x000000008c700000|100%| E|CS|TAMS 0x000000008c600000, 0x000000008c600000| Complete 
| 199|0x000000008c700000, 0x000000008c800000, 0x000000008c800000|100%| E|CS|TAMS 0x000000008c700000, 0x000000008c700000| Complete 
| 200|0x000000008c800000, 0x000000008c900000, 0x000000008c900000|100%| E|CS|TAMS 0x000000008c800000, 0x000000008c800000| Complete 
| 201|0x000000008c900000, 0x000000008ca00000, 0x000000008ca00000|100%| E|CS|TAMS 0x000000008c900000, 0x000000008c900000| Complete 
| 202|0x000000008ca00000, 0x000000008cb00000, 0x000000008cb00000|100%| E|CS|TAMS 0x000000008ca00000, 0x000000008ca00000| Complete 
| 203|0x000000008cb00000, 0x000000008cc00000, 0x000000008cc00000|100%| E|CS|TAMS 0x000000008cb00000, 0x000000008cb00000| Complete 
| 204|0x000000008cc00000, 0x000000008cd00000, 0x000000008cd00000|100%| E|CS|TAMS 0x000000008cc00000, 0x000000008cc00000| Complete 
| 205|0x000000008cd00000, 0x000000008ce00000, 0x000000008ce00000|100%| E|CS|TAMS 0x000000008cd00000, 0x000000008cd00000| Complete 
| 206|0x000000008ce00000, 0x000000008cf00000, 0x000000008cf00000|100%| E|CS|TAMS 0x000000008ce00000, 0x000000008ce00000| Complete 
| 207|0x000000008cf00000, 0x000000008d000000, 0x000000008d000000|100%| E|CS|TAMS 0x000000008cf00000, 0x000000008cf00000| Complete 
| 208|0x000000008d000000, 0x000000008d100000, 0x000000008d100000|100%| E|CS|TAMS 0x000000008d000000, 0x000000008d000000| Complete 
| 209|0x000000008d100000, 0x000000008d200000, 0x000000008d200000|100%| E|CS|TAMS 0x000000008d100000, 0x000000008d100000| Complete 
| 210|0x000000008d200000, 0x000000008d300000, 0x000000008d300000|100%| S|CS|TAMS 0x000000008d200000, 0x000000008d200000| Complete 
| 211|0x000000008d300000, 0x000000008d400000, 0x000000008d400000|100%| S|CS|TAMS 0x000000008d300000, 0x000000008d300000| Complete 
| 212|0x000000008d400000, 0x000000008d500000, 0x000000008d500000|100%| S|CS|TAMS 0x000000008d400000, 0x000000008d400000| Complete 
| 213|0x000000008d500000, 0x000000008d600000, 0x000000008d600000|100%| S|CS|TAMS 0x000000008d500000, 0x000000008d500000| Complete 
| 214|0x000000008d600000, 0x000000008d700000, 0x000000008d700000|100%| E|CS|TAMS 0x000000008d600000, 0x000000008d600000| Complete 
| 215|0x000000008d700000, 0x000000008d800000, 0x000000008d800000|100%| E|CS|TAMS 0x000000008d700000, 0x000000008d700000| Complete 
| 216|0x000000008d800000, 0x000000008d900000, 0x000000008d900000|100%| E|CS|TAMS 0x000000008d800000, 0x000000008d800000| Complete 
| 217|0x000000008d900000, 0x000000008da00000, 0x000000008da00000|100%| E|CS|TAMS 0x000000008d900000, 0x000000008d900000| Complete 
| 218|0x000000008da00000, 0x000000008db00000, 0x000000008db00000|100%| E|CS|TAMS 0x000000008da00000, 0x000000008da00000| Complete 
| 219|0x000000008db00000, 0x000000008dc00000, 0x000000008dc00000|100%| E|CS|TAMS 0x000000008db00000, 0x000000008db00000| Complete 
| 220|0x000000008dc00000, 0x000000008dd00000, 0x000000008dd00000|100%| E|CS|TAMS 0x000000008dc00000, 0x000000008dc00000| Complete 
| 221|0x000000008dd00000, 0x000000008de00000, 0x000000008de00000|100%| E|CS|TAMS 0x000000008dd00000, 0x000000008dd00000| Complete 
| 222|0x000000008de00000, 0x000000008df00000, 0x000000008df00000|100%| E|CS|TAMS 0x000000008de00000, 0x000000008de00000| Complete 
| 223|0x000000008df00000, 0x000000008e000000, 0x000000008e000000|100%| E|CS|TAMS 0x000000008df00000, 0x000000008df00000| Complete 
| 224|0x000000008e000000, 0x000000008e100000, 0x000000008e100000|100%| E|CS|TAMS 0x000000008e000000, 0x000000008e000000| Complete 
| 225|0x000000008e100000, 0x000000008e200000, 0x000000008e200000|100%| E|CS|TAMS 0x000000008e100000, 0x000000008e100000| Complete 
| 226|0x000000008e200000, 0x000000008e300000, 0x000000008e300000|100%| E|CS|TAMS 0x000000008e200000, 0x000000008e200000| Complete 
| 227|0x000000008e300000, 0x000000008e400000, 0x000000008e400000|100%| E|CS|TAMS 0x000000008e300000, 0x000000008e300000| Complete 
| 228|0x000000008e400000, 0x000000008e500000, 0x000000008e500000|100%| E|CS|TAMS 0x000000008e400000, 0x000000008e400000| Complete 
| 229|0x000000008e500000, 0x000000008e600000, 0x000000008e600000|100%| E|CS|TAMS 0x000000008e500000, 0x000000008e500000| Complete 
| 230|0x000000008e600000, 0x000000008e700000, 0x000000008e700000|100%| E|CS|TAMS 0x000000008e600000, 0x000000008e600000| Complete 
| 231|0x000000008e700000, 0x000000008e800000, 0x000000008e800000|100%| E|CS|TAMS 0x000000008e700000, 0x000000008e700000| Complete 
| 232|0x000000008e800000, 0x000000008e900000, 0x000000008e900000|100%| E|CS|TAMS 0x000000008e800000, 0x000000008e800000| Complete 
| 233|0x000000008e900000, 0x000000008ea00000, 0x000000008ea00000|100%| E|CS|TAMS 0x000000008e900000, 0x000000008e900000| Complete 
| 234|0x000000008ea00000, 0x000000008eb00000, 0x000000008eb00000|100%| E|CS|TAMS 0x000000008ea00000, 0x000000008ea00000| Complete 
| 235|0x000000008eb00000, 0x000000008ec00000, 0x000000008ec00000|100%| E|CS|TAMS 0x000000008eb00000, 0x000000008eb00000| Complete 
| 236|0x000000008ec00000, 0x000000008ed00000, 0x000000008ed00000|100%| E|CS|TAMS 0x000000008ec00000, 0x000000008ec00000| Complete 
| 237|0x000000008ed00000, 0x000000008ee00000, 0x000000008ee00000|100%| E|CS|TAMS 0x000000008ed00000, 0x000000008ed00000| Complete 
| 238|0x000000008ee00000, 0x000000008ef00000, 0x000000008ef00000|100%| E|CS|TAMS 0x000000008ee00000, 0x000000008ee00000| Complete 
| 239|0x000000008ef00000, 0x000000008f000000, 0x000000008f000000|100%| E|CS|TAMS 0x000000008ef00000, 0x000000008ef00000| Complete 
| 240|0x000000008f000000, 0x000000008f100000, 0x000000008f100000|100%| E|CS|TAMS 0x000000008f000000, 0x000000008f000000| Complete 
| 241|0x000000008f100000, 0x000000008f200000, 0x000000008f200000|100%| E|CS|TAMS 0x000000008f100000, 0x000000008f100000| Complete 
| 242|0x000000008f200000, 0x000000008f300000, 0x000000008f300000|100%| E|CS|TAMS 0x000000008f200000, 0x000000008f200000| Complete 
| 243|0x000000008f300000, 0x000000008f400000, 0x000000008f400000|100%| E|CS|TAMS 0x000000008f300000, 0x000000008f300000| Complete 
| 244|0x000000008f400000, 0x000000008f500000, 0x000000008f500000|100%| E|CS|TAMS 0x000000008f400000, 0x000000008f400000| Complete 
| 245|0x000000008f500000, 0x000000008f600000, 0x000000008f600000|100%| E|CS|TAMS 0x000000008f500000, 0x000000008f500000| Complete 

Card table byte_map: [0x000002e3666e0000,0x000002e366ae0000] _byte_map_base: 0x000002e3662e0000

Marking Bits (Prev, Next): (CMBitMap*) 0x000002e34d5a4520, (CMBitMap*) 0x000002e34d5a4560
 Prev Bits: [0x000002e366ee0000, 0x000002e368ee0000)
 Next Bits: [0x000002e368ee0000, 0x000002e36aee0000)

Polling page: 0x000002e356630000

Metaspace:

Usage:
  Non-class:     15.42 MB used.
      Class:      2.66 MB used.
       Both:     18.08 MB used.

Virtual space:
  Non-class space:       64.00 MB reserved,      15.75 MB ( 25%) committed,  1 nodes.
      Class space:        1.00 GB reserved,       3.00 MB ( <1%) committed,  1 nodes.
             Both:        1.06 GB reserved,      18.75 MB (  2%) committed. 

Chunk freelists:
   Non-Class:  3.98 MB
       Class:  1008.00 KB
        Both:  4.97 MB

MaxMetaspaceSize: unlimited
CompressedClassSpaceSize: 1.00 GB
Initial GC threshold: 21.00 MB
Current GC threshold: 21.00 MB
CDS: on
MetaspaceReclaimPolicy: balanced
 - commit_granule_bytes: 65536.
 - commit_granule_words: 8192.
 - virtual_space_node_default_size: 8388608.
 - enlarge_chunks_in_place: 1.
 - new_chunks_are_fully_committed: 0.
 - uncommit_free_chunks: 1.
 - use_allocation_guard: 0.


Internal statistics:

num_allocs_failed_limit: 0.
num_arena_births: 974.
num_arena_deaths: 0.
num_vsnodes_births: 2.
num_vsnodes_deaths: 0.
num_space_committed: 300.
num_space_uncommitted: 0.
num_chunks_returned_to_freelist: 0.
num_chunks_taken_from_freelist: 1731.
num_chunk_merges: 0.
num_chunk_splits: 1107.
num_chunks_enlarged: 711.
num_inconsistent_stats: 0.

CodeHeap 'non-profiled nmethods': size=120000Kb used=1190Kb max_used=1190Kb free=118809Kb
 bounds [0x000002e35e120000, 0x000002e35e390000, 0x000002e365650000]
CodeHeap 'profiled nmethods': size=120000Kb used=5441Kb max_used=5441Kb free=114558Kb
 bounds [0x000002e356bf0000, 0x000002e357150000, 0x000002e35e120000]
CodeHeap 'non-nmethods': size=5760Kb used=1244Kb max_used=1257Kb free=4515Kb
 bounds [0x000002e356650000, 0x000002e3568c0000, 0x000002e356bf0000]
 total_blobs=3224 nmethods=2679 adapters=457
 compilation: enabled
              stopped_count=0, restarted_count=0
 full_count=0

Compilation events (20 events):
Event: 25.042 Thread 0x000002e36dba2e10 2674       3       jdk.internal.org.objectweb.asm.SymbolTable::addType (81 bytes)
Event: 25.042 Thread 0x000002e36dba2e10 nmethod 2674 0x000002e357136c10 code [0x000002e357136e20, 0x000002e357137378]
Event: 25.042 Thread 0x000002e36dba2e10 2675       3       java.lang.Class::forName (10 bytes)
Event: 25.043 Thread 0x000002e36dba2e10 nmethod 2675 0x000002e357137610 code [0x000002e3571377e0, 0x000002e357137a58]
Event: 25.043 Thread 0x000002e36dba2e10 2676       3       java.lang.Class::forName (11 bytes)
Event: 25.043 Thread 0x000002e36dba2e10 nmethod 2676 0x000002e357137b90 code [0x000002e357137d40, 0x000002e357137f28]
Event: 25.044 Thread 0x000002e36dba2e10 2677       3       jdk.internal.org.objectweb.asm.Frame::getAbstractTypeFromDescriptor (415 bytes)
Event: 25.045 Thread 0x000002e36dba2e10 nmethod 2677 0x000002e357138010 code [0x000002e3571383a0, 0x000002e357139f58]
Event: 25.047 Thread 0x000002e36dba2e10 2678       3       java.lang.invoke.MethodHandle::asFixedArity (23 bytes)
Event: 25.048 Thread 0x000002e36dba2e10 nmethod 2678 0x000002e35713a810 code [0x000002e35713a9a0, 0x000002e35713aab8]
Event: 25.050 Thread 0x000002e36dba2e10 2679   !   3       jdk.internal.reflect.ReflectionFactory::checkInitted (186 bytes)
Event: 25.051 Thread 0x000002e36dba2e10 nmethod 2679 0x000002e35713ab90 code [0x000002e35713aea0, 0x000002e35713bdc8]
Event: 25.051 Thread 0x000002e36dba2e10 2680       3       java.lang.reflect.ReflectAccess::getRoot (5 bytes)
Event: 25.051 Thread 0x000002e36dba2e10 nmethod 2680 0x000002e35713c190 code [0x000002e35713c340, 0x000002e35713c508]
Event: 25.051 Thread 0x000002e36dba2e10 2681       3       jdk.internal.reflect.MagicAccessorImpl::<init> (5 bytes)
Event: 25.051 Thread 0x000002e36dba2e10 nmethod 2681 0x000002e35713c610 code [0x000002e35713c7a0, 0x000002e35713c8f8]
Event: 25.054 Thread 0x000002e36dba2e10 2682       3       java.lang.invoke.DirectMethodHandle$Holder::invokeStatic (24 bytes)
Event: 25.055 Thread 0x000002e36dba2e10 nmethod 2682 0x000002e35713c990 code [0x000002e35713cb60, 0x000002e35713d0f8]
Event: 25.056 Thread 0x000002e36dba2e10 2683       3       jdk.internal.reflect.MethodHandleAccessorFactory::slotCount (75 bytes)
Event: 25.056 Thread 0x000002e36dba2e10 nmethod 2683 0x000002e35713d210 code [0x000002e35713d3e0, 0x000002e35713d8d8]

GC Heap History (4 events):
Event: 0.406 GC heap before
{Heap before GC invocations=0 (full 0):
 garbage-first heap   total 251904K, used 28672K [0x0000000080000000, 0x0000000100000000)
  region size 1024K, 23 young (23552K), 0 survivors (0K)
 Metaspace       used 2984K, committed 3136K, reserved 1114112K
  class space    used 375K, committed 448K, reserved 1048576K
}
Event: 0.409 GC heap after
{Heap after GC invocations=1 (full 0):
 garbage-first heap   total 251904K, used 9164K [0x0000000080000000, 0x0000000100000000)
  region size 1024K, 3 young (3072K), 3 survivors (3072K)
 Metaspace       used 2984K, committed 3136K, reserved 1114112K
  class space    used 375K, committed 448K, reserved 1048576K
}
Event: 0.673 GC heap before
{Heap before GC invocations=1 (full 0):
 garbage-first heap   total 251904K, used 38860K [0x0000000080000000, 0x0000000100000000)
  region size 1024K, 32 young (32768K), 3 survivors (3072K)
 Metaspace       used 3947K, committed 4096K, reserved 1114112K
  class space    used 475K, committed 576K, reserved 1048576K
}
Event: 0.677 GC heap after
{Heap after GC invocations=2 (full 0):
 garbage-first heap   total 251904K, used 13134K [0x0000000080000000, 0x0000000100000000)
  region size 1024K, 4 young (4096K), 4 survivors (4096K)
 Metaspace       used 3947K, committed 4096K, reserved 1114112K
  class space    used 475K, committed 576K, reserved 1048576K
}

Deoptimization events (20 events):
Event: 24.738 Thread 0x000002e372af93f0 Uncommon trap: trap_request=0xffffff45 fr.pc=0x000002e35e1b6494 relative=0x0000000000000274
Event: 24.738 Thread 0x000002e372af93f0 Uncommon trap: reason=unstable_if action=reinterpret pc=0x000002e35e1b6494 method=java.util.concurrent.ConcurrentHashMap.get(Ljava/lang/Object;)Ljava/lang/Object; @ 152 c2
Event: 24.738 Thread 0x000002e372af93f0 DEOPT PACKING pc=0x000002e35e1b6494 sp=0x000000ecacdfb110
Event: 24.738 Thread 0x000002e372af93f0 DEOPT UNPACKING pc=0x000002e3566a23a3 sp=0x000000ecacdfb088 mode 2
Event: 24.756 Thread 0x000002e372af93f0 DEOPT PACKING pc=0x000002e35709b3c9 sp=0x000000ecacdf75d0
Event: 24.756 Thread 0x000002e372af93f0 DEOPT UNPACKING pc=0x000002e3566a2b43 sp=0x000000ecacdf6ae0 mode 0
Event: 24.767 Thread 0x000002e372af93f0 DEOPT PACKING pc=0x000002e35709b3c9 sp=0x000000ecacdfaeb0
Event: 24.767 Thread 0x000002e372af93f0 DEOPT UNPACKING pc=0x000002e3566a2b43 sp=0x000000ecacdfa3c0 mode 0
Event: 24.793 Thread 0x000002e372af93f0 DEOPT PACKING pc=0x000002e35709b3c9 sp=0x000000ecacdfa620
Event: 24.793 Thread 0x000002e372af93f0 DEOPT UNPACKING pc=0x000002e3566a2b43 sp=0x000000ecacdf9b30 mode 0
Event: 24.795 Thread 0x000002e372af93f0 DEOPT PACKING pc=0x000002e35709b3ea sp=0x000000ecacdfae20
Event: 24.795 Thread 0x000002e372af93f0 DEOPT UNPACKING pc=0x000002e3566a2b43 sp=0x000000ecacdfa330 mode 0
Event: 25.042 Thread 0x000002e372af93f0 Uncommon trap: trap_request=0xffffff45 fr.pc=0x000002e35e212ff8 relative=0x0000000000000bb8
Event: 25.042 Thread 0x000002e372af93f0 Uncommon trap: reason=unstable_if action=reinterpret pc=0x000002e35e212ff8 method=jdk.internal.org.objectweb.asm.SymbolTable.addType(Ljava/lang/String;)I @ 33 c2
Event: 25.042 Thread 0x000002e372af93f0 DEOPT PACKING pc=0x000002e35e212ff8 sp=0x000000ecacdfc160
Event: 25.042 Thread 0x000002e372af93f0 DEOPT UNPACKING pc=0x000002e3566a23a3 sp=0x000000ecacdfc088 mode 2
Event: 25.042 Thread 0x000002e372af93f0 Uncommon trap: trap_request=0xffffff45 fr.pc=0x000002e35e211adc relative=0x000000000000049c
Event: 25.042 Thread 0x000002e372af93f0 Uncommon trap: reason=unstable_if action=reinterpret pc=0x000002e35e211adc method=jdk.internal.org.objectweb.asm.SymbolTable.addType(Ljava/lang/String;)I @ 33 c2
Event: 25.042 Thread 0x000002e372af93f0 DEOPT PACKING pc=0x000002e35e211adc sp=0x000000ecacdfc220
Event: 25.042 Thread 0x000002e372af93f0 DEOPT UNPACKING pc=0x000002e3566a23a3 sp=0x000000ecacdfc1b8 mode 2

Classes loaded (20 events):
Event: 24.741 Loading class java/util/stream/MatchOps
Event: 24.741 Loading class java/util/stream/MatchOps done
Event: 24.741 Loading class java/util/stream/MatchOps$MatchOp
Event: 24.741 Loading class java/util/stream/MatchOps$MatchOp done
Event: 24.741 Loading class java/util/stream/MatchOps$BooleanTerminalSink
Event: 24.741 Loading class java/util/stream/MatchOps$BooleanTerminalSink done
Event: 24.742 Loading class java/util/stream/MatchOps$1MatchSink
Event: 24.742 Loading class java/util/stream/MatchOps$1MatchSink done
Event: 24.799 Loading class java/util/ConcurrentModificationException
Event: 24.799 Loading class java/util/ConcurrentModificationException done
Event: 24.897 Loading class java/util/concurrent/atomic/AtomicReferenceFieldUpdater
Event: 24.897 Loading class java/util/concurrent/atomic/AtomicReferenceFieldUpdater done
Event: 24.897 Loading class java/util/concurrent/atomic/AtomicReferenceFieldUpdater$AtomicReferenceFieldUpdaterImpl
Event: 24.897 Loading class java/util/concurrent/atomic/AtomicReferenceFieldUpdater$AtomicReferenceFieldUpdaterImpl done
Event: 24.897 Loading class java/util/concurrent/atomic/AtomicReferenceFieldUpdater$AtomicReferenceFieldUpdaterImpl$1
Event: 24.897 Loading class java/util/concurrent/atomic/AtomicReferenceFieldUpdater$AtomicReferenceFieldUpdaterImpl$1 done
Event: 24.898 Loading class sun/reflect/misc/ReflectUtil
Event: 24.898 Loading class sun/reflect/misc/ReflectUtil done
Event: 24.961 Loading class java/util/DualPivotQuicksort
Event: 24.962 Loading class java/util/DualPivotQuicksort done

Classes unloaded (0 events):
No events

Classes redefined (0 events):
No events

Internal exceptions (20 events):
Event: 24.508 Thread 0x000002e372af93f0 Exception <a 'java/lang/IncompatibleClassChangeError'{0x000000008c8e08c0}: Found class java.lang.Object, but interface was expected> (0x000000008c8e08c0) 
thrown [s\open\src\hotspot\share\interpreter\linkResolver.cpp, line 826]
Event: 24.515 Thread 0x000002e372af93f0 Implicit null exception at 0x000002e35e1f0275 to 0x000002e35e1f0548
Event: 24.542 Thread 0x000002e372af93f0 Exception <a 'java/lang/NoSuchMethodError'{0x000000008c6cfc68}: 'int java.lang.invoke.DirectMethodHandle$Holder.invokeSpecialIFC(java.lang.Object, java.lang.Object, java.lang.Object, java.lang.Object)'> (0x000000008c6cfc68) 
thrown [s\open\src\hotspot\share\interpreter\linkResolver.cpp, line 759]
Event: 24.544 Thread 0x000002e372af93f0 Exception <a 'java/lang/NoSuchMethodError'{0x000000008c6df078}: 'java.lang.Object java.lang.invoke.DirectMethodHandle$Holder.invokeInterface(java.lang.Object, java.lang.Object, java.lang.Object)'> (0x000000008c6df078) 
thrown [s\open\src\hotspot\share\interpreter\linkResolver.cpp, line 759]
Event: 24.544 Thread 0x000002e372af93f0 Exception <a 'java/lang/IncompatibleClassChangeError'{0x000000008c6e2c88}: Found class java.lang.Object, but interface was expected> (0x000000008c6e2c88) 
thrown [s\open\src\hotspot\share\interpreter\linkResolver.cpp, line 826]
Event: 24.546 Thread 0x000002e372af93f0 Exception <a 'java/lang/NoSuchMethodError'{0x000000008c6f5078}: 'java.lang.Object java.lang.invoke.DirectMethodHandle$Holder.newInvokeSpecial(java.lang.Object, java.lang.Object, java.lang.Object, java.lang.Object, java.lang.Object, java.lang.Object, java.lang.Object, java.lang.Object, java.lang.Object, java.lang.Object)'> (0x000000008c6f5078) 
thrown [s\open\src\hotspot\share\interpreter\linkResolver.cpp, line 759]
Event: 24.597 Thread 0x000002e372af93f0 Exception <a 'java/lang/NoSuchMethodError'{0x000000008c3cbb80}: 'int java.lang.invoke.DirectMethodHandle$Holder.invokeStatic(java.lang.Object, java.lang.Object, java.lang.Object, java.lang.Object)'> (0x000000008c3cbb80) 
thrown [s\open\src\hotspot\share\interpreter\linkResolver.cpp, line 759]
Event: 24.611 Thread 0x000002e372af93f0 Exception <a 'java/lang/NoSuchMethodError'{0x000000008c2b3700}: 'java.lang.Object java.lang.invoke.DirectMethodHandle$Holder.invokeVirtual(java.lang.Object, java.lang.Object, java.lang.Object, java.lang.Object, java.lang.Object, java.lang.Object, java.lang.Object, java.lang.Object, java.lang.Object, java.lang.Object, java.lang.Object, java.lang.Object, java.lang.Object, java.lang.Object, java.lang.Object, java.lang.Object, java.lang.Object, java.lang.Object, java.lang.Object, java.lang.Object)'> (0x0000000
Event: 24.611 Thread 0x000002e372af93f0 Exception <a 'java/lang/NoSuchMethodError'{0x000000008c2b9318}: 'java.lang.Object java.lang.invoke.DirectMethodHandle$Holder.invokeSpecial(java.lang.Object, java.lang.Object, java.lang.Object, java.lang.Object, java.lang.Object, java.lang.Object, java.lang.Object, java.lang.Object, java.lang.Object, java.lang.Object, java.lang.Object, java.lang.Object, java.lang.Object, java.lang.Object, java.lang.Object, java.lang.Object, java.lang.Object, java.lang.Object, java.lang.Object, java.lang.Object, java.lang.Ob
Event: 24.612 Thread 0x000002e372af93f0 Exception <a 'java/lang/NoSuchMethodError'{0x000000008c2be7c8}: 'java.lang.Object java.lang.invoke.DelegatingMethodHandle$Holder.reinvoke_L(java.lang.Object, java.lang.Object, java.lang.Object, java.lang.Object, java.lang.Object, java.lang.Object, java.lang.Object, java.lang.Object, java.lang.Object, java.lang.Object, java.lang.Object, java.lang.Object, java.lang.Object, java.lang.Object, java.lang.Object, java.lang.Object, java.lang.Object, java.lang.Object, java.lang.Object, java.lang.Object)'> (0x000000
Event: 24.617 Thread 0x000002e372af93f0 Exception <a 'java/lang/NoSuchMethodError'{0x000000008c161ce8}: 'java.lang.Object java.lang.invoke.DirectMethodHandle$Holder.invokeInterface(java.lang.Object, java.lang.Object)'> (0x000000008c161ce8) 
thrown [s\open\src\hotspot\share\interpreter\linkResolver.cpp, line 759]
Event: 24.694 Thread 0x000002e372af93f0 Exception <a 'java/lang/NoSuchMethodError'{0x000000008bbce200}: 'void java.lang.invoke.DirectMethodHandle$Holder.invokeStatic(java.lang.Object, java.lang.Object)'> (0x000000008bbce200) 
thrown [s\open\src\hotspot\share\interpreter\linkResolver.cpp, line 759]
Event: 24.785 Thread 0x000002e372af93f0 Exception <a 'java/lang/NoSuchMethodError'{0x000000008b647cc0}: 'java.lang.Object java.lang.invoke.DirectMethodHandle$Holder.newInvokeSpecial(java.lang.Object, java.lang.Object, java.lang.Object, java.lang.Object, java.lang.Object, java.lang.Object, java.lang.Object)'> (0x000000008b647cc0) 
thrown [s\open\src\hotspot\share\interpreter\linkResolver.cpp, line 759]
Event: 24.785 Thread 0x000002e372af93f0 Exception <a 'java/lang/NoSuchMethodError'{0x000000008b64c6f0}: 'java.lang.Object java.lang.invoke.Invokers$Holder.linkToTargetMethod(java.lang.Object, java.lang.Object, java.lang.Object, java.lang.Object, java.lang.Object, java.lang.Object, java.lang.Object)'> (0x000000008b64c6f0) 
thrown [s\open\src\hotspot\share\interpreter\linkResolver.cpp, line 759]
Event: 24.805 Thread 0x000002e372af93f0 Exception <a 'java/lang/NoSuchMethodError'{0x000000008b508260}: 'void java.lang.invoke.DirectMethodHandle$Holder.invokeSpecial(java.lang.Object, java.lang.Object, java.lang.Object, java.lang.Object, java.lang.Object, java.lang.Object, java.lang.Object)'> (0x000000008b508260) 
thrown [s\open\src\hotspot\share\interpreter\linkResolver.cpp, line 759]
Event: 24.834 Thread 0x000002e372af93f0 Exception <a 'java/lang/NoSuchMethodError'{0x000000008b47dd00}: 'java.lang.Object java.lang.invoke.DirectMethodHandle$Holder.invokeVirtual(java.lang.Object, java.lang.Object, java.lang.Object, java.lang.Object, java.lang.Object, java.lang.Object, java.lang.Object, java.lang.Object, java.lang.Object, java.lang.Object, java.lang.Object, java.lang.Object, java.lang.Object, java.lang.Object, java.lang.Object, java.lang.Object, java.lang.Object, java.lang.Object, java.lang.Object, java.lang.Object, java.lang.Ob
Event: 24.902 Thread 0x000002e372af93f0 Exception <a 'java/lang/NoSuchMethodError'{0x000000008b02cf80}: 'int java.lang.invoke.DirectMethodHandle$Holder.invokeStaticInit(java.lang.Object, java.lang.Object, java.lang.Object)'> (0x000000008b02cf80) 
thrown [s\open\src\hotspot\share\interpreter\linkResolver.cpp, line 759]
Event: 24.980 Thread 0x000002e372af93f0 Exception <a 'java/lang/NoSuchMethodError'{0x000000008ab36bc0}: 'void java.lang.invoke.DirectMethodHandle$Holder.invokeStaticInit(java.lang.Object, java.lang.Object)'> (0x000000008ab36bc0) 
thrown [s\open\src\hotspot\share\interpreter\linkResolver.cpp, line 759]
Event: 25.004 Thread 0x000002e372af93f0 Exception <a 'java/lang/NoSuchMethodError'{0x000000008abecb90}: 'java.lang.Object java.lang.invoke.DirectMethodHandle$Holder.newInvokeSpecial(java.lang.Object, java.lang.Object, java.lang.Object, java.lang.Object, java.lang.Object, java.lang.Object, java.lang.Object, java.lang.Object)'> (0x000000008abecb90) 
thrown [s\open\src\hotspot\share\interpreter\linkResolver.cpp, line 759]
Event: 25.024 Thread 0x000002e372af93f0 Exception <a 'java/lang/NoSuchMethodError'{0x000000008aaefaa8}: 'java.lang.Object java.lang.invoke.DirectMethodHandle$Holder.newInvokeSpecial(java.lang.Object, java.lang.Object, java.lang.Object, java.lang.Object, java.lang.Object, java.lang.Object, java.lang.Object, java.lang.Object, java.lang.Object)'> (0x000000008aaefaa8) 
thrown [s\open\src\hotspot\share\interpreter\linkResolver.cpp, line 759]

VM Operations (20 events):
Event: 12.971 Executing VM operation: Cleanup
Event: 12.971 Executing VM operation: Cleanup done
Event: 13.985 Executing VM operation: Cleanup
Event: 13.985 Executing VM operation: Cleanup done
Event: 16.005 Executing VM operation: Cleanup
Event: 16.005 Executing VM operation: Cleanup done
Event: 18.017 Executing VM operation: Cleanup
Event: 18.017 Executing VM operation: Cleanup done
Event: 19.032 Executing VM operation: Cleanup
Event: 19.032 Executing VM operation: Cleanup done
Event: 24.085 Executing VM operation: Cleanup
Event: 24.085 Executing VM operation: Cleanup done
Event: 24.124 Executing VM operation: HandshakeAllThreads
Event: 24.124 Executing VM operation: HandshakeAllThreads done
Event: 24.439 Executing VM operation: HandshakeAllThreads
Event: 24.439 Executing VM operation: HandshakeAllThreads done
Event: 24.439 Executing VM operation: HandshakeAllThreads
Event: 24.439 Executing VM operation: HandshakeAllThreads done
Event: 24.707 Executing VM operation: ICBufferFull
Event: 24.707 Executing VM operation: ICBufferFull done

Events (20 events):
Event: 0.802 Loaded shared library C:\Users\HP\.jdks\openjdk-18.0.2\bin\management.dll
Event: 0.803 Loaded shared library C:\Users\HP\.jdks\openjdk-18.0.2\bin\management_ext.dll
Event: 0.823 Thread 0x000002e373e9d7f0 Thread added: 0x000002e373e9d7f0
Event: 5.828 Thread 0x000002e36dba2900 Thread exited: 0x000002e36dba2900
Event: 5.828 Thread 0x000002e36dba4c70 Thread exited: 0x000002e36dba4c70
Event: 24.110 Thread 0x000002e372dc89e0 Thread added: 0x000002e372dc89e0
Event: 24.147 Thread 0x000002e373b8f480 Thread added: 0x000002e373b8f480
Event: 24.192 Thread 0x000002e3733f4840 Thread added: 0x000002e3733f4840
Event: 24.193 Thread 0x000002e373aeb420 Thread added: 0x000002e373aeb420
Event: 24.209 Thread 0x000002e372af6ae0 Thread added: 0x000002e372af6ae0
Event: 24.213 Thread 0x000002e372af93f0 Thread added: 0x000002e372af93f0
Event: 24.220 Thread 0x000002e37376dc40 Thread added: 0x000002e37376dc40
Event: 24.222 Thread 0x000002e37376fdf0 Thread added: 0x000002e37376fdf0
Event: 24.226 Thread 0x000002e37376e5e0 Thread added: 0x000002e37376e5e0
Event: 24.307 Thread 0x000002e37376eab0 Thread added: 0x000002e37376eab0
Event: 24.322 Thread 0x000002e37376ef80 Thread added: 0x000002e37376ef80
Event: 24.340 Thread 0x000002e37376f920 Thread added: 0x000002e37376f920
Event: 24.523 Thread 0x000002e37376e110 Thread added: 0x000002e37376e110
Event: 24.529 Thread 0x000002e36dba19d0 Thread added: 0x000002e36dba19d0
Event: 24.738 Thread 0x000002e36dba3d40 Thread added: 0x000002e36dba3d40


Dynamic libraries:
0x00007ff767b50000 - 0x00007ff767b5e000 	C:\Users\HP\.jdks\openjdk-18.0.2\bin\java.exe
0x00007ffafc110000 - 0x00007ffafc305000 	C:\Windows\SYSTEM32\ntdll.dll
0x00007ffafb390000 - 0x00007ffafb44e000 	C:\Windows\System32\KERNEL32.DLL
0x00007ffaf9d70000 - 0x00007ffafa038000 	C:\Windows\System32\KERNELBASE.dll
0x00007ffaf9940000 - 0x00007ffaf9a40000 	C:\Windows\System32\ucrtbase.dll
0x00007ffaf40b0000 - 0x00007ffaf40c7000 	C:\Users\HP\.jdks\openjdk-18.0.2\bin\jli.dll
0x00007ffaf4090000 - 0x00007ffaf40aa000 	C:\Users\HP\.jdks\openjdk-18.0.2\bin\VCRUNTIME140.dll
0x00007ffafae60000 - 0x00007ffafb001000 	C:\Windows\System32\USER32.dll
0x00007ffae59b0000 - 0x00007ffae5c4a000 	C:\Windows\WinSxS\amd64_microsoft.windows.common-controls_6595b64144ccf1df_6.0.19041.1110_none_60b5254171f9507e\COMCTL32.dll
0x00007ffaf9d40000 - 0x00007ffaf9d62000 	C:\Windows\System32\win32u.dll
0x00007ffafaca0000 - 0x00007ffafad3e000 	C:\Windows\System32\msvcrt.dll
0x00007ffafae30000 - 0x00007ffafae5b000 	C:\Windows\System32\GDI32.dll
0x00007ffaf9830000 - 0x00007ffaf993b000 	C:\Windows\System32\gdi32full.dll
0x00007ffaf9b40000 - 0x00007ffaf9bdd000 	C:\Windows\System32\msvcp_win.dll
0x00007ffafa7a0000 - 0x00007ffafa7d0000 	C:\Windows\System32\IMM32.DLL
0x00007ffaf3e90000 - 0x00007ffaf3e9c000 	C:\Users\HP\.jdks\openjdk-18.0.2\bin\vcruntime140_1.dll
0x00007ffada7e0000 - 0x00007ffada86d000 	C:\Users\HP\.jdks\openjdk-18.0.2\bin\msvcp140.dll
0x00007ffabe7a0000 - 0x00007ffabf3b1000 	C:\Users\HP\.jdks\openjdk-18.0.2\bin\server\jvm.dll
0x00007ffafa6f0000 - 0x00007ffafa79c000 	C:\Windows\System32\ADVAPI32.dll
0x00007ffafb710000 - 0x00007ffafb7ab000 	C:\Windows\System32\sechost.dll
0x00007ffafaab0000 - 0x00007ffafabda000 	C:\Windows\System32\RPCRT4.dll
0x00007ffafb840000 - 0x00007ffafb848000 	C:\Windows\System32\PSAPI.DLL
0x00007ffaf53a0000 - 0x00007ffaf53a9000 	C:\Windows\SYSTEM32\WSOCK32.dll
0x00007ffafb570000 - 0x00007ffafb5db000 	C:\Windows\System32\WS2_32.dll
0x00007ffaef4b0000 - 0x00007ffaef4d7000 	C:\Windows\SYSTEM32\WINMM.dll
0x00007ffaf1b00000 - 0x00007ffaf1b0a000 	C:\Windows\SYSTEM32\VERSION.dll
0x00007ffaf80b0000 - 0x00007ffaf80c2000 	C:\Windows\SYSTEM32\kernel.appcore.dll
0x00007ffaeb900000 - 0x00007ffaeb90a000 	C:\Users\HP\.jdks\openjdk-18.0.2\bin\jimage.dll
0x00007ffae7060000 - 0x00007ffae7244000 	C:\Windows\SYSTEM32\DBGHELP.DLL
0x00007ffae28b0000 - 0x00007ffae28dc000 	C:\Windows\SYSTEM32\dbgcore.DLL
0x00007ffafa040000 - 0x00007ffafa0c3000 	C:\Windows\System32\bcryptPrimitives.dll
0x00007ffade510000 - 0x00007ffade535000 	C:\Users\HP\.jdks\openjdk-18.0.2\bin\java.dll
0x00007ffacadd0000 - 0x00007ffacaea6000 	C:\Users\HP\.jdks\openjdk-18.0.2\bin\jsvml.dll
0x00007ffafb990000 - 0x00007ffafc0cf000 	C:\Windows\System32\SHELL32.dll
0x00007ffaf7910000 - 0x00007ffaf80a0000 	C:\Windows\SYSTEM32\windows.storage.dll
0x00007ffafb030000 - 0x00007ffafb385000 	C:\Windows\System32\combase.dll
0x00007ffaf9280000 - 0x00007ffaf92ae000 	C:\Windows\SYSTEM32\Wldp.dll
0x00007ffafa160000 - 0x00007ffafa20d000 	C:\Windows\System32\SHCORE.dll
0x00007ffafa8a0000 - 0x00007ffafa8f5000 	C:\Windows\System32\shlwapi.dll
0x00007ffaf9770000 - 0x00007ffaf978f000 	C:\Windows\SYSTEM32\profapi.dll
0x00007ffae0130000 - 0x00007ffae0143000 	C:\Users\HP\.jdks\openjdk-18.0.2\bin\net.dll
0x00007ffaef6e0000 - 0x00007ffaef7ec000 	C:\Windows\SYSTEM32\WINHTTP.dll
0x00007ffaf8fe0000 - 0x00007ffaf904a000 	C:\Windows\system32\mswsock.dll
0x00007ffade6e0000 - 0x00007ffade6f6000 	C:\Users\HP\.jdks\openjdk-18.0.2\bin\nio.dll
0x00007ffade3d0000 - 0x00007ffade3e8000 	C:\Users\HP\.jdks\openjdk-18.0.2\bin\zip.dll
0x00007ffae4660000 - 0x00007ffae4670000 	C:\Users\HP\.jdks\openjdk-18.0.2\bin\verify.dll
0x00007ffaf40d0000 - 0x00007ffaf40f7000 	C:\Users\HP\.gradle\native\e1d6ef7f7dcc3fd88c89a11ec53ec762bb8ba0a96d01ffa2cd45eb1d1d8dd5c5\windows-amd64\native-platform.dll
0x00007ffac7480000 - 0x00007ffac75c4000 	C:\Users\HP\.gradle\native\0d407fdbe67a94daf76414ababcb853783967236a71b16ec16e742cd7a986fd3\windows-amd64\native-platform-file-events.dll
0x00007ffae1f80000 - 0x00007ffae1f89000 	C:\Users\HP\.jdks\openjdk-18.0.2\bin\management.dll
0x00007ffae14d0000 - 0x00007ffae14db000 	C:\Users\HP\.jdks\openjdk-18.0.2\bin\management_ext.dll
0x00007ffaf91d0000 - 0x00007ffaf91e8000 	C:\Windows\SYSTEM32\CRYPTSP.dll
0x00007ffaf88f0000 - 0x00007ffaf8924000 	C:\Windows\system32\rsaenh.dll
0x00007ffafa0d0000 - 0x00007ffafa0f7000 	C:\Windows\System32\bcrypt.dll
0x00007ffaf9730000 - 0x00007ffaf975e000 	C:\Windows\SYSTEM32\USERENV.dll
0x00007ffaf91f0000 - 0x00007ffaf91fc000 	C:\Windows\SYSTEM32\CRYPTBASE.dll
0x00007ffaf8c80000 - 0x00007ffaf8cbb000 	C:\Windows\SYSTEM32\IPHLPAPI.DLL
0x00007ffafac90000 - 0x00007ffafac98000 	C:\Windows\System32\NSI.dll
0x00007ffaf1d70000 - 0x00007ffaf1d87000 	C:\Windows\SYSTEM32\dhcpcsvc6.DLL
0x00007ffaf1cf0000 - 0x00007ffaf1d0d000 	C:\Windows\SYSTEM32\dhcpcsvc.DLL
0x00007ffaf8cc0000 - 0x00007ffaf8d8b000 	C:\Windows\SYSTEM32\DNSAPI.dll

dbghelp: loaded successfully - version: 4.0.5 - missing functions: none
symbol engine: initialized successfully - sym options: 0x614 - pdb path: .;C:\Users\HP\.jdks\openjdk-18.0.2\bin;C:\Windows\SYSTEM32;C:\Windows\WinSxS\amd64_microsoft.windows.common-controls_6595b64144ccf1df_6.0.19041.1110_none_60b5254171f9507e;C:\Users\HP\.jdks\openjdk-18.0.2\bin\server;C:\Users\HP\.gradle\native\e1d6ef7f7dcc3fd88c89a11ec53ec762bb8ba0a96d01ffa2cd45eb1d1d8dd5c5\windows-amd64;C:\Users\HP\.gradle\native\0d407fdbe67a94daf76414ababcb853783967236a71b16ec16e742cd7a986fd3\windows-amd64

VM Arguments:
jvm_args: --add-opens=java.base/java.util=ALL-UNNAMED --add-opens=java.base/java.lang=ALL-UNNAMED --add-opens=java.base/java.lang.invoke=ALL-UNNAMED --add-opens=java.base/java.util=ALL-UNNAMED --add-opens=java.prefs/java.util.prefs=ALL-UNNAMED --add-opens=java.prefs/java.util.prefs=ALL-UNNAMED --add-opens=java.base/java.nio.charset=ALL-UNNAMED --add-opens=java.base/java.net=ALL-UNNAMED --add-opens=java.base/java.util.concurrent.atomic=ALL-UNNAMED -Xmx2048m -Dfile.encoding=UTF-8 -Duser.country=RU -Duser.language=ru -Duser.variant 
java_command: org.gradle.launcher.daemon.bootstrap.GradleDaemon 7.5
java_class_path (initial): C:\Users\HP\.gradle\wrapper\dists\gradle-7.5-bin\f1w0cc9nuo0eivz97x2xlu9sv\gradle-7.5\lib\gradle-launcher-7.5.jar
Launcher Type: SUN_STANDARD

[Global flags]
     intx CICompilerCount                          = 4                                         {product} {ergonomic}
     uint ConcGCThreads                            = 3                                         {product} {ergonomic}
     uint G1ConcRefinementThreads                  = 10                                        {product} {ergonomic}
   size_t G1HeapRegionSize                         = 1048576                                   {product} {ergonomic}
    uintx GCDrainStackTargetSize                   = 64                                        {product} {ergonomic}
   size_t InitialHeapSize                          = 257949696                                 {product} {ergonomic}
   size_t MarkStackSize                            = 4194304                                   {product} {ergonomic}
   size_t MaxHeapSize                              = 2147483648                                {product} {command line}
   size_t MaxNewSize                               = 1287651328                                {product} {ergonomic}
   size_t MinHeapDeltaBytes                        = 1048576                                   {product} {ergonomic}
   size_t MinHeapSize                              = 8388608                                   {product} {ergonomic}
    uintx NonNMethodCodeHeapSize                   = 5839372                                {pd product} {ergonomic}
    uintx NonProfiledCodeHeapSize                  = 122909434                              {pd product} {ergonomic}
    uintx ProfiledCodeHeapSize                     = 122909434                              {pd product} {ergonomic}
    uintx ReservedCodeCacheSize                    = 251658240                              {pd product} {ergonomic}
     bool SegmentedCodeCache                       = true                                      {product} {ergonomic}
   size_t SoftMaxHeapSize                          = 2147483648                             {manageable} {ergonomic}
     bool UseCompressedClassPointers               = true                           {product lp64_product} {ergonomic}
     bool UseCompressedOops                        = true                           {product lp64_product} {ergonomic}
     bool UseG1GC                                  = true                                      {product} {ergonomic}
     bool UseLargePagesIndividualAllocation        = false                                  {pd product} {ergonomic}

Logging:
Log output configuration:
 #0: stdout all=warning uptime,level,tags foldmultilines=false
 #1: stderr all=off uptime,level,tags foldmultilines=false

Environment Variables:
PATH=C:\cygwin64\bin;C:\Program Files (x86)\Common Files\Intel\Shared Libraries\redist\intel64_win\compiler;C:\Program Files (x86)\Common Files\Intel\Shared Libraries\redist\intel64\compiler;C:\Program Files\Microsoft MPI\Bin\;C:\ProgramData\Oracle\Java\javapath;C:\Windows\system32;C:\Windows;C:\Windows\System32\Wbem;C:\Windows\System32\WindowsPowerShell\v1.0\;C:\Windows\System32\OpenSSH\;C:\Program Files\7-Zip;C:\Program Files (x86)\NVIDIA Corporation\PhysX\Common;C:\Program Files\Microsoft SQL Server\150\Tools\Binn\;C:\Program Files\Microsoft SQL Server\Client SDK\ODBC\170\Tools\Binn\;C:\Program Files\Git\cmd;C:\Program Files\dotnet\;C:\Program Files (x86)\Microsoft SQL Server\150\Tools\Binn\;C:\Program Files\Microsoft SQL Server\150\DTS\Binn\;C:\Program Files (x86)\Microsoft SQL Server\150\DTS\Binn\;C:\Program Files\nodejs\;C:\Users\HP\AppData\Local\Microsoft\WindowsApps;C:\Users\HP\AppData\Local\Programs\Microsoft VS Code\bin;C:\Users\HP\AppData\Local\GitHubDesktop\bin;C:\flutter\bin;C:\Users\HP\.dotnet\tools;C:\Program Files\Azure Data Studio\bin;C:\Users\HP\AppData\Roaming\npm
USERNAME=HP
OS=Windows_NT
PROCESSOR_IDENTIFIER=AMD64 Family 23 Model 96 Stepping 1, AuthenticAMD



---------------  S Y S T E M  ---------------

OS:
 Windows 10 , 64 bit Build 19041 (10.0.19041.1348)
OS uptime: 2 days 17:08 hours

CPU: total 12 (initial active 12) (12 cores per cpu, 2 threads per core) family 23 model 96 stepping 1 microcode 0x0, cx8, cmov, fxsr, ht, mmx, 3dnowpref, sse, sse2, sse3, ssse3, sse4a, sse4.1, sse4.2, popcnt, lzcnt, tsc, tscinvbit, avx, avx2, aes, clmul, bmi1, bmi2, adx, sha, fma, vzeroupper, clflush, clflushopt

Memory: 4k page, system-wide physical 15733M (1156M free)
TotalPageFile size 18733M (AvailPageFile size 6M)
current process WorkingSet (physical memory assigned to process): 221M, peak: 221M
current process commit charge ("private bytes"): 437M, peak: 438M

vm_info: OpenJDK 64-Bit Server VM (18.0.2+9-61) for windows-amd64 JRE (18.0.2+9-61), built on Jun  7 2022 13:05:59 by "mach5one" with MS VC++ 16.8 / 16.9 (VS2019)

END.
